Determining if the pthread_create exist failed with the following output:
Change Dir: /home/peer/Development/graphics/enki/build/CMakeFiles/CMakeTmp

Run Build Command:"/usr/bin/make" "cmTryCompileExec2007146818/fast"
/usr/bin/make -f CMakeFiles/cmTryCompileExec2007146818.dir/build.make CMakeFiles/cmTryCompileExec2007146818.dir/build
make[1]: Entering directory '/home/peer/Development/graphics/enki/build/CMakeFiles/CMakeTmp'
/usr/bin/cmake -E cmake_progress_report /home/peer/Development/graphics/enki/build/CMakeFiles/CMakeTmp/CMakeFiles 1
Building C object CMakeFiles/cmTryCompileExec2007146818.dir/CheckSymbolExists.c.o
/usr/bin/cc    -o CMakeFiles/cmTryCompileExec2007146818.dir/CheckSymbolExists.c.o   -c /home/peer/Development/graphics/enki/build/CMakeFiles/CMakeTmp/CheckSymbolExists.c
Linking C executable cmTryCompileExec2007146818
/usr/bin/cmake -E cmake_link_script CMakeFiles/cmTryCompileExec2007146818.dir/link.txt --verbose=1
/usr/bin/cc      CMakeFiles/cmTryCompileExec2007146818.dir/CheckSymbolExists.c.o  -o cmTryCompileExec2007146818 -rdynamic 
CMakeFiles/cmTryCompileExec2007146818.dir/CheckSymbolExists.c.o: In function `main':
CheckSymbolExists.c:(.text+0x16): undefined reference to `pthread_create'
collect2: error: ld returned 1 exit status
CMakeFiles/cmTryCompileExec2007146818.dir/build.make:88: recipe for target 'cmTryCompileExec2007146818' failed
make[1]: Leaving directory '/home/peer/Development/graphics/enki/build/CMakeFiles/CMakeTmp'
make[1]: *** [cmTryCompileExec2007146818] Error 1
Makefile:118: recipe for target 'cmTryCompileExec2007146818/fast' failed
make: *** [cmTryCompileExec2007146818/fast] Error 2

File /home/peer/Development/graphics/enki/build/CMakeFiles/CMakeTmp/CheckSymbolExists.c:
/* */
#include <pthread.h>

int main(int argc, char** argv)
{
  (void)argv;
#ifndef pthread_create
  return ((int*)(&pthread_create))[argc];
#else
  (void)argc;
  return 0;
#endif
}

Determining if the function pthread_create exists in the pthreads failed with the following output:
Change Dir: /home/peer/Development/graphics/enki/build/CMakeFiles/CMakeTmp

Run Build Command:"/usr/bin/make" "cmTryCompileExec2375939090/fast"
/usr/bin/make -f CMakeFiles/cmTryCompileExec2375939090.dir/build.make CMakeFiles/cmTryCompileExec2375939090.dir/build
make[1]: Entering directory '/home/peer/Development/graphics/enki/build/CMakeFiles/CMakeTmp'
/usr/bin/cmake -E cmake_progress_report /home/peer/Development/graphics/enki/build/CMakeFiles/CMakeTmp/CMakeFiles 1
Building C object CMakeFiles/cmTryCompileExec2375939090.dir/CheckFunctionExists.c.o
/usr/bin/cc   -DCHECK_FUNCTION_EXISTS=pthread_create   -o CMakeFiles/cmTryCompileExec2375939090.dir/CheckFunctionExists.c.o   -c /usr/share/cmake-3.1/Modules/CheckFunctionExists.c
Linking C executable cmTryCompileExec2375939090
/usr/bin/cmake -E cmake_link_script CMakeFiles/cmTryCompileExec2375939090.dir/link.txt --verbose=1
/usr/bin/cc   -DCHECK_FUNCTION_EXISTS=pthread_create   CMakeFiles/cmTryCompileExec2375939090.dir/CheckFunctionExists.c.o  -o cmTryCompileExec2375939090 -rdynamic -lpthreads 
/usr/bin/ld: cannot find -lpthreads
collect2: error: ld returned 1 exit status
CMakeFiles/cmTryCompileExec2375939090.dir/build.make:88: recipe for target 'cmTryCompileExec2375939090' failed
make[1]: *** [cmTryCompileExec2375939090] Error 1
make[1]: Leaving directory '/home/peer/Development/graphics/enki/build/CMakeFiles/CMakeTmp'
Makefile:118: recipe for target 'cmTryCompileExec2375939090/fast' failed
make: *** [cmTryCompileExec2375939090/fast] Error 2


Determining if the function glXGetProcAddressEXT exists failed with the following output:
Change Dir: /home/peer/Development/graphics/enki/build/CMakeFiles/CMakeTmp

Run Build Command:"/usr/bin/make" "cmTryCompileExec3417567465/fast"
/usr/bin/make -f CMakeFiles/cmTryCompileExec3417567465.dir/build.make CMakeFiles/cmTryCompileExec3417567465.dir/build
make[1]: Entering directory '/home/peer/Development/graphics/enki/build/CMakeFiles/CMakeTmp'
/usr/bin/cmake -E cmake_progress_report /home/peer/Development/graphics/enki/build/CMakeFiles/CMakeTmp/CMakeFiles 1
Building C object CMakeFiles/cmTryCompileExec3417567465.dir/CheckFunctionExists.c.o
/usr/bin/cc   -DCHECK_FUNCTION_EXISTS=glXGetProcAddressEXT   -o CMakeFiles/cmTryCompileExec3417567465.dir/CheckFunctionExists.c.o   -c /usr/share/cmake-3.1/Modules/CheckFunctionExists.c
Linking C executable cmTryCompileExec3417567465
/usr/bin/cmake -E cmake_link_script CMakeFiles/cmTryCompileExec3417567465.dir/link.txt --verbose=1
/usr/bin/cc   -DCHECK_FUNCTION_EXISTS=glXGetProcAddressEXT   CMakeFiles/cmTryCompileExec3417567465.dir/CheckFunctionExists.c.o  -o cmTryCompileExec3417567465 -rdynamic -lGL 
CMakeFiles/cmTryCompileExec3417567465.dir/CheckFunctionExists.c.o: In function `main':
CheckFunctionExists.c:(.text+0x15): undefined reference to `glXGetProcAddressEXT'
collect2: error: ld returned 1 exit status
CMakeFiles/cmTryCompileExec3417567465.dir/build.make:89: recipe for target 'cmTryCompileExec3417567465' failed
make[1]: *** [cmTryCompileExec3417567465] Error 1
make[1]: Leaving directory '/home/peer/Development/graphics/enki/build/CMakeFiles/CMakeTmp'
Makefile:118: recipe for target 'cmTryCompileExec3417567465/fast' failed
make: *** [cmTryCompileExec3417567465/fast] Error 2


